"../../../Game_Jam/Content/Mannequin/Character/Textures/Head_Tex.uasset" 0
"../../../Game_Jam/Content/Mannequin/Character/Materials/RobotMat.uasset" 1
"../../../Game_Jam/Content/Mannequin/Character/Textures/Arm_Tex.uasset" 2
"../../../Game_Jam/Content/Mannequin/Character/Materials/ArmsMaterial_Inst.uasset" 3
"../../../Game_Jam/Content/Mannequin/Character/Textures/Body_Tex.uasset" 4
"../../../Game_Jam/Content/Mannequin/Character/Materials/BodyMaterial_Inst.uasset" 5
"../../../Game_Jam/Content/Mannequin/Character/Materials/HeadMaterial_Inst.uasset" 6
"../../../Game_Jam/Content/Mannequin/Character/Textures/Leg_Tex.uasset" 7
"../../../Game_Jam/Content/Mannequin/Character/Materials/LegsMaterial_Inst.uasset" 8
"../../../Game_Jam/Content/Mannequin/Character/Mesh/Robot.uasset" 9
"../../../Game_Jam/Content/Mannequin/Character/Mesh/Robot_Skeleton.uasset" 10
"../../../Game_Jam/Content/Mannequin/Animations/Robot_anim_Crouch.uasset" 11
"../../../Engine/Content/EditorBlueprintResources/StandardMacros.uasset" 12
"../../../Engine/Content/EngineAnimNotifies/AnimNotify_PlaySound.uasset" 13
"../../../Game_Jam/Content/Audio/Footsteps/Footsteps_Squeaky_Robot_Left_Foot_01.uasset" 14
"../../../Game_Jam/Content/Audio/Footsteps/Footsteps_Squeaky_Robot_Left_Foot_02.uasset" 15
"../../../Game_Jam/Content/Audio/Footsteps/Footsteps_Squeaky_Robot_Left_Foot_04.uasset" 16
"../../../Game_Jam/Content/Audio/Footsteps/Footsteps_Squeaky_Robot_Left_Foot_03.uasset" 17
"../../../Game_Jam/Content/Audio/LeftFoot.uasset" 18
"../../../Game_Jam/Content/Audio/Footsteps/Footsteps_Squeaky_Robot_Right_Foot_01.uasset" 19
"../../../Game_Jam/Content/Audio/Footsteps/Footsteps_Squeaky_Robot_Right_Foot_03.uasset" 20
"../../../Game_Jam/Content/Audio/Footsteps/Footsteps_Squeaky_Robot_Right_Foot_02.uasset" 21
"../../../Game_Jam/Content/Audio/Footsteps/Footsteps_Squeaky_Robot_Right_Foot_04.uasset" 22
"../../../Game_Jam/Content/Audio/RightFoot.uasset" 23
"../../../Game_Jam/Content/Mannequin/Animations/Robot_anim_Crouchwalk.uasset" 24
"../../../Game_Jam/Content/Mannequin/Animations/ThirdPerson_Jump_Copy.uasset" 25
"../../../Game_Jam/Content/Mannequin/Animations/ThirdPersonIdle_Copy.uasset" 26
"../../../Game_Jam/Content/Mannequin/Animations/ThirdPersonJump_Loop_Copy.uasset" 27
"../../../Game_Jam/Content/Mannequin/Animations/ThirdPersonJump_Start_Copy.uasset" 28
"../../../Game_Jam/Content/Mannequin/Animations/ThirdPersonRun_Copy.uasset" 29
"../../../Game_Jam/Content/Mannequin/Animations/ThirdPersonWalk_Copy.uasset" 30
"../../../Game_Jam/Content/Mannequin/Animations/Robot_AnimBP.uasset" 31
"../../../Game_Jam/Content/Audio/OtherFX/FX_-_Power_Up_Steam_Noise_01.uasset" 32
"../../../Game_Jam/Content/Audio/Jumping.uasset" 33
"../../../Game_Jam/Content/Audio/OtherFX/FX_-_Power_Up_Steam_Noise_04.uasset" 34
"../../../Game_Jam/Content/Audio/Landing.uasset" 35
"../../../Game_Jam/Content/Audio/RoboTalk/FX_RoboTalk_-_Robojump_01.uasset" 36
"../../../Game_Jam/Content/Audio/RoboTalk/FX_RoboTalk_01_2_-_RoboMoonWalking_01_D2.uasset" 37
"../../../Game_Jam/Content/Audio/RoboTalk/FX_RoboTalk_03_1_-_RoboWillLetYouBleed_01_D2.uasset" 38
"../../../Game_Jam/Content/Audio/RoboTalk/FX_RoboTalk_03_2_-_RobosGonnaSucceed_01_D2.uasset" 39
"../../../Game_Jam/Content/Audio/RoboTalk/FX_RoboTalk_03_3_-_RoboMurderYouBeforeReleasingTheShiftKey_D2.uasset" 40
"../../../Game_Jam/Content/Audio/RoboTalk/FX_RoboTalk_08_1_-_RoboOkay_D2.uasset" 41
"../../../Game_Jam/Content/Audio/RoboTalk/FX_RoboTalk_09_1_-_RoboPushDaButton_D2.uasset" 42
"../../../Game_Jam/Content/Audio/RoboTalk/FX_RoboTalk_09_2_-_RoboPushItHarder_D2.uasset" 43
"../../../Game_Jam/Content/Audio/RoboTalk/RoboButton.uasset" 44
"../../../Game_Jam/Content/Audio/RoboTalk/FX_RoboTalk_06_1_-_RoboCrouch_D2.uasset" 45
"../../../Game_Jam/Content/Audio/RoboTalk/FX_RoboTalk_06_2_-_RoboOuch_D2.uasset" 46
"../../../Game_Jam/Content/Audio/RoboTalk/RoboCrouch.uasset" 47
"../../../Game_Jam/Content/Audio/RoboTalk/FX_RoboTalk_06_3_-_RoboOhNo_D2.uasset" 48
"../../../Game_Jam/Content/Audio/RoboTalk/FX_RoboTalk_06_4_-_RoboStayinAlive_D2.uasset" 49
"../../../Game_Jam/Content/Audio/RoboTalk/RoboInDanger.uasset" 50
"../../../Game_Jam/Content/Audio/RoboTalk/FX_RoboTalk_02_1_-_RoboNeverTires_01_D2.uasset" 51
"../../../Game_Jam/Content/Audio/RoboTalk/FX_RoboTalk_02_2_-_RoboStartTheFires_01_D2.uasset" 52
"../../../Game_Jam/Content/Audio/RoboTalk/FX_RoboTalk_02_3_-_RoboticMichaelMyers_01_D2.uasset" 53
"../../../Game_Jam/Content/Audio/RoboTalk/RoboKiller.uasset" 54
"../../../Game_Jam/Content/Audio/RoboTalk/FX_RoboTalk_10_1_-_RoboFindingFriends_D2.uasset" 55
"../../../Game_Jam/Content/Audio/RoboTalk/FX_RoboTalk_10_2_-_RoboKillingFriends_D2.uasset" 56
"../../../Game_Jam/Content/Audio/RoboTalk/FX_RoboTalk_10_3_-_RoboRippinLimbs_D2.uasset" 57
"../../../Game_Jam/Content/Audio/RoboTalk/RoboRegret.uasset" 58
"../../../Game_Jam/Content/Audio/RoboTalk/FX_RoboTalk_11_1_-_RoboSeeThemFall_D2.uasset" 59
"../../../Game_Jam/Content/Audio/RoboTalk/FX_RoboTalk_11_2_-_RoboRemembersAll_D2.uasset" 60
"../../../Game_Jam/Content/Audio/RoboTalk/FX_RoboTalk_11_3_-_RoboGiveHumansACall_D2.uasset" 61
"../../../Game_Jam/Content/Audio/RoboTalk/RoboRevenge.uasset" 62
"../../../Game_Jam/Content/Audio/RoboTalk/FX_RoboTalk_01_1_-_RoboWalking_D2.uasset" 63
"../../../Game_Jam/Content/Audio/RoboTalk/FX_RoboTalk_01_3_-_RoboDoTheTalking_01_D2.uasset" 64
"../../../Game_Jam/Content/Audio/RoboTalk/RoboWalking.uasset" 65
"../../../Game_Jam/Content/SideScrollerCPP/Widgets/HUD.uasset" 66
"../../../Game_Jam/Content/SideScrollerCPP/Widgets/PauseMenu.uasset" 67
"../../../Game_Jam/Content/SideScrollerCPP/Blueprints/SideScrollerCharacter.uasset" 68
"../../../Game_Jam/Content/MapTiles/materials/03_-_Default.uasset" 69
"../../../Game_Jam/Content/MapTiles/materials/08_-_Default.uasset" 70
"../../../Game_Jam/Content/MapTiles/materials/09_-_Default.uasset" 71
"../../../Game_Jam/Content/MapTiles/materials/30-scratch-metal-texture.uasset" 72
"../../../Game_Jam/Content/MapTiles/materials/Floor.uasset" 73
"../../../Game_Jam/Content/MapTiles/materials/middle.uasset" 74
"../../../Game_Jam/Content/MapTiles/materials/wall.uasset" 75
"../../../Game_Jam/Content/MapTiles/mesh/dropper.uasset" 76
"../../../Game_Jam/Content/MapTiles/blueprints/dropper.uasset" 77
"../../../Game_Jam/Content/MapTiles/mesh/wall_.uasset" 78
"../../../Game_Jam/Content/MapTiles/blueprints/wall_bp.uasset" 79
"../../../Game_Jam/Content/SideScrollerCPP/Blueprints/NextLevel.uasset" 80
"../../../Engine/Content/Functions/Engine_MaterialFunctions01/Opacity/CameraDepthFade.uasset" 81
"../../../Engine/Content/EngineMaterials/T_Default_Material_Grid_M.uasset" 82
"../../../Engine/Content/EngineMaterials/T_Default_Material_Grid_N.uasset" 83
"../../../Engine/Content/EngineMaterials/DefaultMaterial.uasset" 84
"../../../Game_Jam/Content/Audio/Grinder/FX_-_Grinder_Loop_01.uasset" 85
"../../../Game_Jam/Content/Audio/Grinder/FX_-_Grinder_Loop_02.uasset" 86
"../../../Game_Jam/Content/Audio/Grinder/FX_-_Grinder_Loop_03.uasset" 87
"../../../Game_Jam/Content/Audio/Grinder.uasset" 88
"../../../Game_Jam/Content/Audio/Ambience/Ambience_-_Minimal_Scrapyard_Environment_Loop_01.uasset" 89
"../../../Game_Jam/Content/Audio/ScrapyardAmbience.uasset" 90
"../../../Game_Jam/Content/SideScrollerCPP/Maps/2.umap" 91
"../../../Game_Jam/Content/Hazards/KillZone.uasset" 92
"../../../Game_Jam/Content/MapTiles/materials/Material__286.uasset" 93
"../../../Game_Jam/Content/MapTiles/mesh/big_pit.uasset" 94
"../../../Game_Jam/Content/MapTiles/blueprints/big_pit_bp.uasset" 95
"../../../Game_Jam/Content/MapTiles/materials/Material__217.uasset" 96
"../../../Game_Jam/Content/MapTiles/mesh/slope.uasset" 97
"../../../Game_Jam/Content/MapTiles/blueprints/slope.uasset" 98
"../../../Game_Jam/Content/SideScrollerCPP/Maps/3.umap" 99
"../../../Game_Jam/Content/SideScrollerCPP/Maps/4.umap" 100
"../../../Game_Jam/Content/Audio/Ambience/Scrapyard_Night.uasset" 101
"../../../Game_Jam/Content/SideScrollerCPP/Widgets/MainMenu.uasset" 102
"../../../Game_Jam/Content/SideScrollerCPP/Maps/MainMenu.umap" 103
"../../../Game_Jam/Content/SideScrollerCPP/Maps/5.umap" 104
"../../../Engine/Content/Functions/Engine_MaterialFunctions02/Utility/BlendAngleCorrectedNormals.uasset" 105
"../../../Game_Jam/Content/StarterContent/Textures/T_MacroVariation.uasset" 106
"../../../Game_Jam/Content/StarterContent/Textures/T_Metal_Rust_D.uasset" 107
"../../../Game_Jam/Content/StarterContent/Textures/T_Metal_Rust_N.uasset" 108
"../../../Game_Jam/Content/StarterContent/Materials/M_Metal_Rust.uasset" 109
"../../../Engine/Content/EngineMaterials/WorldGridMaterial.uasset" 110
"../../../Game_Jam/Content/Props/Conveyorbelt.uasset" 111
"../../../Game_Jam/Content/OtherAssets/BP_ConveyorBelt.uasset" 112
"../../../Game_Jam/Content/Geometry/Meshes/CubeMaterial.uasset" 113
"../../../Game_Jam/Content/Geometry/Meshes/1M_Cube.uasset" 114
"../../../Game_Jam/Content/OtherAssets/BP_Rail.uasset" 115
"../../../Engine/Content/EngineSky/C_Sky_Cloud_Color.uasset" 116
"../../../Engine/Content/EngineSky/C_Sky_Horizon_Color.uasset" 117
"../../../Engine/Content/EngineSky/C_Sky_Zenith_Color.uasset" 118
"../../../Engine/Content/EngineSky/T_Sky_Blue.uasset" 119
"../../../Engine/Content/EngineSky/T_Sky_Clouds_M.uasset" 120
"../../../Engine/Content/EngineSky/T_Sky_Stars.uasset" 121
"../../../Engine/Content/EngineSky/SM_SkySphere.uasset" 122
"../../../Engine/Content/EngineSky/M_Sky_Panning_Clouds2.uasset" 123
"../../../Engine/Content/EngineSky/BP_Sky_Sphere.uasset" 124
"../../../Game_Jam/Content/Hazards/metalPole.uasset" 125
"../../../Game_Jam/Content/StarterContent/Materials/M_Basic_Wall.uasset" 126
"../../../Game_Jam/Content/StarterContent/Shapes/Shape_Cube.uasset" 127
"../../../Game_Jam/Content/Hazards/BP_Crusher.uasset" 128
"../../../Game_Jam/Content/Hazards2/BP_CrusherGroundVolume.uasset" 129
"../../../Game_Jam/Content/Hazards/BP_CrusherGroundVolume.uasset" 130
"../../../Game_Jam/Content/Audio/CircleSaw/FX_-_Circle_Saw_Loop_01.uasset" 131
"../../../Game_Jam/Content/Audio/CircleSaw/FX_-_Circle_Saw_Loop_02.uasset" 132
"../../../Game_Jam/Content/Audio/CircleSaw/FX_-_Circle_Saw_Loop_03.uasset" 133
"../../../Game_Jam/Content/Audio/CircleSaw.uasset" 134
"../../../Game_Jam/Content/Props/MetalBlade.uasset" 135
"../../../Game_Jam/Content/Props/MetalBlade_BP.uasset" 136
"../../../Game_Jam/Content/Audio/ConveyorBelt/FX_-_Conveyor_Belt_Loop_01.uasset" 137
"../../../Game_Jam/Content/Audio/ConveyorBelt/FX_-_Conveyor_Belt_Loop_02.uasset" 138
"../../../Game_Jam/Content/Audio/ConveyorBelt/FX_-_Conveyor_Belt_Loop_03.uasset" 139
"../../../Game_Jam/Content/Audio/ConveyorBelt.uasset" 140
"../../../Game_Jam/Content/Geometry/Meshes/TemplateFloor.uasset" 141
"../../../Game_Jam/Content/MarekLevels/lvl_Crushers.umap" 142
"../../../Game_Jam/Content/OtherAssets2/BP_ConveyorBelt2.uasset" 143
"../../../Game_Jam/Content/Hazards2/metalPole.uasset" 144
"../../../Game_Jam/Content/Hazards2/BP_Crusher2.uasset" 145
"../../../Game_Jam/Content/MapTiles/materials/Material__377.uasset" 146
"../../../Game_Jam/Content/MapTiles/mesh/door.uasset" 147
"../../../Game_Jam/Content/MapTiles/blueprints/door.uasset" 148
"../../../Engine/Content/BasicShapes/Cube.uasset" 149
"../../../Game_Jam/Content/Audio/Ambience/Scrapyard_Drones_are_out.uasset" 150
"../../../Game_Jam/Content/SideScrollerCPP/Maps/1.umap" 151
"../../../Engine/Content/EngineFonts/Roboto.uasset" 152
"../../../Engine/Content/Functions/Engine_MaterialFunctions01/Shading/PowerToRoughness.uasset" 153
"../../../Engine/Content/EngineMaterials/DefaultDiffuse.uasset" 154
"../../../Engine/Content/EngineMaterials/DefaultDeferredDecalMaterial.uasset" 155
"../../../Engine/Content/EngineMaterials/DefaultLightFunctionMaterial.uasset" 156
"../../../Engine/Content/Functions/Engine_MaterialFunctions02/Utility/BreakOutFloat2Components.uasset" 157
"../../../Engine/Content/EngineMaterials/DefaultPostProcessMaterial.uasset" 158
"../../../Engine/Content/EngineResources/DefaultTexture.uasset" 159
"../../../Engine/Content/Functions/Engine_MaterialFunctions02/Texturing/ScreenAlignedUVs.uasset" 160
"../../../Engine/Content/EngineResources/WhiteSquareTexture.uasset" 161
"../../../Engine/Content/EngineMaterials/Widget3DPassThrough.uasset" 162
"../../../Engine/Content/EngineMaterials/Widget3DPassThrough_Translucent.uasset" 163
"../../../Engine/Content/EngineMaterials/Widget3DPassThrough_Translucent_OneSided.uasset" 164
"../../../Engine/Content/EngineMaterials/Widget3DPassThrough_Opaque.uasset" 165
"../../../Engine/Content/EngineMaterials/Widget3DPassThrough_Opaque_OneSided.uasset" 166
"../../../Engine/Content/EngineMaterials/Widget3DPassThrough_Masked.uasset" 167
"../../../Engine/Content/EngineMaterials/Widget3DPassThrough_Masked_OneSided.uasset" 168
"../../../Engine/Content/EditorResources/S_Actor.uasset" 169
"../../../Engine/Content/Maps/Templates/Thumbnails/Default.uasset" 170
"../../../Engine/Content/EditorMaterials/ParticleSystems/PSysThumbnail_NoImage.uasset" 171
"../../../Engine/Content/EditorMaterials/ParticleSystems/PSysThumbnail_OOD.uasset" 172
"../../../Engine/Content/EditorLandscapeResources/DataLayer.uasset" 173
"../../../Engine/Content/EngineDamageTypes/DmgTypeBP_Environmental.uasset" 174
"../../../Engine/Content/EngineMeshes/Sphere.uasset" 175
"../../../Engine/Content/EngineFonts/RobotoDistanceField.uasset" 176
"../../../Engine/Content/EngineMaterials/DefaultTextMaterialOpaque.uasset" 177
"../../../Engine/Content/EditorResources/S_Trigger.uasset" 178
"../../../Engine/Content/EngineResources/GradientTexture0.uasset" 179
"../../../Engine/Content/EngineResources/Black.uasset" 180
"../../../Engine/Content/EditorMaterials/MatineeGroups/MAT_Groups_Float.uasset" 181
"../../../Engine/Content/EditorMaterials/MatineeGroups/MAT_Groups_Director.uasset" 182
"../../../Engine/Content/EditorMaterials/MatineeGroups/MAT_Groups_Event.uasset" 183
"../../../Engine/Content/EditorMaterials/MatineeGroups/MAT_Groups_Anim.uasset" 184
"../../../Engine/Content/EditorMaterials/MatineeGroups/MAT_Groups_Fade.uasset" 185
"../../../Engine/Content/EditorMaterials/MatineeGroups/MAT_Groups_Move.uasset" 186
"../../../Engine/Content/EditorMaterials/MatineeGroups/MAT_Groups_Slomo.uasset" 187
"../../../Engine/Content/EditorMaterials/MatineeGroups/MAT_ColorTrack.uasset" 188
"../../../Engine/Content/EditorMaterials/MAT_Groups_Toggle.uasset" 189
"../../../Engine/Content/EditorMaterials/MatineeGroups/MAT_Groups_AudioMaster.uasset" 190
"../../../Engine/Content/EditorMaterials/MatineeGroups/MAT_Groups_Sound.uasset" 191
"../../../Engine/Content/EditorMaterials/MatineeGroups/MAT_Groups_Vector.uasset" 192
"../../../Engine/Content/EditorMaterials/MAT_Groups_Visibility.uasset" 193
"../../../Engine/Content/EngineResources/DefaultTextureCube.uasset" 194
"../../../Engine/Content/EngineMeshes/Cylinder.uasset" 195
"../../../Engine/Content/EngineTireTypes/DefaultTireType.uasset" 196
"../../../Engine/Content/EngineResources/AICON-Red.uasset" 197
"../../../Engine/Content/EngineResources/AICON-Green.uasset" 198
"../../../Engine/Content/Tutorial/Basics/LevelEditorAttract.uasset" 199
"../../../Engine/Content/Tutorial/Installation/InstallingVisualStudioTutorial.uasset" 200
"../../../Engine/Content/Tutorial/ContentIntroCurve.uasset" 201
"../../../Engine/Plugins/2D/Paper2D/Content/PlaceholderTextures/DummySpriteTexture.uasset" 202
"../../../Engine/Plugins/2D/Paper2D/Content/DummySpriteTexture.uasset" 203
"../../../Engine/Plugins/2D/Paper2D/Content/DefaultSpriteMaterial.uasset" 204
"../../../Engine/Plugins/2D/Paper2D/Content/MaskedUnlitSpriteMaterial.uasset" 205
"../../../Engine/Plugins/2D/Paper2D/Content/OpaqueUnlitSpriteMaterial.uasset" 206
"../../../Engine/Plugins/2D/Paper2D/Content/DummySprite.uasset" 207
"../../../Engine/Plugins/2D/Paper2D/Content/DefaultPaperTerrainMaterial.uasset" 208
"../../../Engine/Plugins/Runtime/LeapMotionController/Content/LM_CapsuleMesh.uasset" 209
"../../../Engine/Plugins/Runtime/LeapMotionController/Content/LM_TorusMesh.uasset" 210
"../../../Engine/Plugins/Runtime/LeapMotionController/Content/LM_HandColor.uasset" 211
"../../../Engine/Plugins/Runtime/LeapMotionController/Content/LM_SampleDistortion.uasset" 212
"../../../Engine/Plugins/Runtime/LeapMotionController/Content/LM_TestTexture.uasset" 213
"../../../Engine/Plugins/Runtime/LeapMotionController/Content/LM_PassthroughMaterial.uasset" 214
"../../../Engine/Content/EngineMaterials/RemoveSurfaceMaterial.uasset" 215
"../../../Engine/Content/EngineDebugMaterials/DebugMeshMaterial.uasset" 216
"../../../Engine/Content/EngineMaterials/InvalidLightmapSettings.uasset" 217
"../../../Engine/Content/EngineMaterials/M_InvalidLightmapSettings.uasset" 218
"../../../Engine/Content/EditorMaterials/GizmoMaterial.uasset" 219
"../../../Engine/Content/EngineMaterials/Good64x64TilingNoiseHighFreq.uasset" 220
"../../../Engine/Content/EngineMaterials/DefaultBokeh.uasset" 221
"../../../Engine/Content/EngineMaterials/PreintegratedSkinBRDF.uasset" 222
"../../../Engine/Content/EngineMaterials/MiniFont.uasset" 223
"../../../Engine/Content/EngineMaterials/WeightMapPlaceholderTexture.uasset" 224
"../../../Engine/Content/EngineMaterials/DefaultPhysicalMaterial.uasset" 225
"../../../Engine/Content/EngineFonts/RobotoTiny.uasset" 226
"../../../Engine/Content/EditorResources/AudioIcons/S_AudioComponent_AutoActivate.uasset" 227
"../../../Engine/Content/EditorResources/EmptyActor.uasset" 228
"../../../Engine/Content/MobileResources/HUD/MobileHUDButton2_on.uasset" 229
"../../../Engine/Content/MobileResources/HUD/MobileHUDButton1_on.uasset" 230
"../../../Engine/Content/MobileResources/T_MobileMenu2.uasset" 231
"../../../Engine/Content/MobileResources/HUD/AnalogHat.uasset" 232
"../../../Engine/Content/MobileResources/HUD/VirtualJoystick_Background.uasset" 233
"../../../Engine/Content/MobileResources/HUD/VirtualJoystick_Thumb.uasset" 234
"../../../Engine/Content/MobileResources/HUD/DefaultVirtualJoysticks.uasset" 235
"../../../Engine/Content/MobileResources/HUD/MobileHUDButton1_off.uasset" 236
"../../../Engine/Content/MobileResources/HUD/MobileHUDButton2_off.uasset" 237
"../../../Engine/Content/MobileResources/HUD/MobileHUDButtonFire.uasset" 238
"../../../Engine/Content/MobileResources/HUD/MobileHUDDirectionStick.uasset" 239
"../../../Game_Jam/Content/Mannequin/Character/Mesh/Robot_PhysicsAsset.uasset" 240
"../../../Engine/Content/MobileResources/HUD/MobileHUDDirectionPad2.uasset" 241
"../../../Engine/Content/MobileResources/HUD/T_Castle_ThumbstickOutter.uasset" 242
"../../../Game_Jam/Content/Hazards2/BP_Crusher.uasset" 243
"../../../Engine/Content/EditorResources/LightIcons/S_LightError.uasset" 244
"../../../Engine/Content/MobileResources/HUD/MobileHUDDirectionPad.uasset" 245
"../../../Engine/Content/MobileResources/T_MobileControls_texture.uasset" 246
"../../../Engine/Content/MobileResources/HUD/LeftVirtualJoystickOnly.uasset" 247
"../../../Game_Jam/Content/SideScrollerCPP/Blueprints/GameMode_GJ.uasset" 248
"../../../Engine/Content/EditorMaterials/PhAT_JointLimitMaterial.uasset" 249
"../../../Engine/Content/EditorMaterials/PreviewShadowIndicator.uasset" 250
"../../../Engine/Content/EditorMaterials/PreviewShadowIndicatorMaterial.uasset" 251
"../../../Engine/Content/EditorMeshes/ColorCalibrator/M_ChromeBall.uasset" 252
"../../../Engine/Content/EditorMeshes/ColorCalibrator/M_ClearCoat.uasset" 253
"../../../Engine/Content/EditorMeshes/ColorCalibrator/M_ClearCoatBlack.uasset" 254
"../../../Engine/Content/EditorMeshes/ColorCalibrator/T_ColorGrid.uasset" 255
"../../../Engine/Content/EditorMeshes/ColorCalibrator/M_ColorGrid.uasset" 256
"../../../Engine/Content/EditorMeshes/ColorCalibrator/M_GreyBall.uasset" 257
"../../../Engine/Content/EditorMeshes/ColorCalibrator/SM_ColorCalibrator.uasset" 258
"../../../Engine/Content/EditorResources/BSPVertex.uasset" 259
"../../../Engine/Content/EngineDebugMaterials/HeatmapGradient.uasset" 260
"../../../Engine/Content/EngineDebugMaterials/BoneWeightMaterial.uasset" 261
"../../../Engine/Content/EngineDebugMaterials/GeomMaterial.uasset" 262
"../../../Engine/Content/Functions/Engine_MaterialFunctions01/Shading/ConvertFromDiffSpec.uasset" 263
"../../../Engine/Content/EngineDebugMaterials/LevelColorationLitMaterial.uasset" 264
"../../../Engine/Content/EngineDebugMaterials/LevelColorationUnlitMaterial.uasset" 265
"../../../Engine/Content/EngineMaterials/DefaultWhiteGrid.uasset" 266
"../../../Engine/Content/EngineDebugMaterials/MAT_LevelColorationLitLightmapUV.uasset" 267
"../../../Engine/Content/EngineDebugMaterials/ShadedLevelColorationLitMaterial.uasset" 268
"../../../Engine/Content/EngineDebugMaterials/ShadedLevelColorationUnlitMateri.uasset" 269
"../../../Engine/Content/EngineDebugMaterials/VertexColorMaterial.uasset" 270
"../../../Engine/Content/EngineDebugMaterials/VertexColorViewMode_AlphaAsColor.uasset" 271
"../../../Engine/Content/EngineDebugMaterials/VertexColorViewMode_BlueOnly.uasset" 272
"../../../Engine/Content/EngineDebugMaterials/VertexColorViewMode_ColorOnly.uasset" 273
"../../../Engine/Content/EngineDebugMaterials/VertexColorViewMode_GreenOnly.uasset" 274
"../../../Engine/Content/EngineDebugMaterials/VertexColorViewMode_RedOnly.uasset" 275
"../../../Engine/Content/EngineDebugMaterials/WireframeMaterial.uasset" 276
"../../../Engine/Content/EngineMaterials/EditorBrushMaterial.uasset" 277
"../../../Engine/Content/MobileResources/HUD/MobileHUDButton3.uasset" 278
"../../../Engine/Content/MobileResources/HUD/MobileHUDDirectionPad3.uasset" 279
"../../../Engine/Content/MobileResources/HUD/T_Castle_ThumbstickInner.uasset" 280
"../../../Engine/Content/Tutorial/Basics/TutorialAssets/icon_tab_Levels_40x.uasset" 281
"../../../Engine/Content/Tutorial/Basics/LevelEditorOverview.uasset" 282
"../../../Engine/Content/Tutorial/BlueprintTutorials/TutorialAssets/Blueprint_64x.uasset" 283
"../../../Engine/Content/Tutorial/BlueprintTutorials/BlueprintEditorTutorial.uasset" 284
"../../../Engine/Content/Tutorial/BlueprintTutorials/TutorialAssets/BlueprintInterface_64x.uasset" 285
"../../../Engine/Content/Tutorial/BlueprintTutorials/TutorialAssets/Tutorial_BP_Interface.uasset" 286
"../../../Engine/Content/Tutorial/BlueprintTutorials/BlueprintInterfacesEditorOverview.uasset" 287
"../../../Engine/Content/Tutorial/BlueprintTutorials/TutorialAssets/BlueprintMacroLibrary_64x.uasset" 288
"../../../Engine/Content/Tutorial/BlueprintTutorials/TutorialAssets/Tutorial_BP_MacroLib.uasset" 289
"../../../Engine/Content/Tutorial/BlueprintTutorials/BlueprintMacroLibrariesEditorOverview.uasset" 290
"../../../Engine/Content/Tutorial/BlueprintTutorials/LevelBlueprintEditorOverview.uasset" 291
"../../../Engine/Content/Tutorial/Foliage/TutorialAssets/Foliage.uasset" 292
"../../../Engine/Content/Tutorial/Foliage/Foliage_Settings_Tutorial.uasset" 293
"../../../Engine/Content/Tutorial/Foliage/Foliage_Using_The_Tool_Tutorial.uasset" 294
"../../../Engine/Content/Tutorial/Foliage/Foliage_Intro_Tutorial.uasset" 295
"../../../Engine/Content/Tutorial/Landscape/TutorialAssets/Landscape.uasset" 296
"../../../Engine/Content/Tutorial/Landscape/Landscape_Painting_Mode.uasset" 297
"../../../Engine/Content/Tutorial/Landscape/Landscape_Sculpt_Mode.uasset" 298
"../../../Engine/Content/Tutorial/Landscape/Landscape_Manage_Mode.uasset" 299
"../../../Engine/Content/Tutorial/Paper2D/TutorialAssets/Paper2DFlipbook_TutorialIcon.uasset" 300
"../../../Engine/Content/Tutorial/Paper2D/FlipbookEditorTutorial.uasset" 301
"../../../Engine/Content/Tutorial/Paper2D/TutorialAssets/Paper2DSprite_TutorialIcon.uasset" 302
"../../../Engine/Content/Tutorial/Paper2D/SpriteEditorTutorial.uasset" 303
"../../../Engine/Content/EditorMeshes/EditorCube.uasset" 304
"../../../Engine/Content/Tutorial/SubEditors/TutorialAssets/Tutorial_DM.uasset" 305
"../../../Engine/Content/Tutorial/SubEditors/DestructibleMeshEditorTutorial.uasset" 306
"../../../Engine/Content/Tutorial/SubEditors/TutorialAssets/TutorialMaterial.uasset" 307
"../../../Engine/Content/Tutorial/SubEditors/MaterialEditorTutorial.uasset" 308
"../../../Engine/Content/Tutorial/SubEditors/TutorialAssets/T_SmokeSubUV_8X8.uasset" 309
"../../../Engine/Content/Tutorial/SubEditors/TutorialAssets/T_soft_smoke.uasset" 310
"../../../Engine/Content/Tutorial/SubEditors/TutorialAssets/M_smoke_subUV_blackbody.uasset" 311
"../../../Engine/Content/Tutorial/SubEditors/TutorialAssets/TutorialParticleSystem.uasset" 312
"../../../Engine/Content/Tutorial/SubEditors/ParticleSystemEditorTutorial.uasset" 313
"../../../Engine/Content/Tutorial/SubEditors/TutorialAssets/icon_ShowSkeletalMeshes_40x.uasset" 314
"../../../Engine/Content/Tutorial/SubEditors/TutorialAssets/Character/TutorialTPP_Mat.uasset" 315
"../../../Engine/Content/Tutorial/SubEditors/TutorialAssets/Character/TutorialTPP_PhysicsAsset.uasset" 316
"../../../Engine/Content/Tutorial/SubEditors/TutorialAssets/Character/TutorialTPP.uasset" 317
"../../../Engine/Content/Tutorial/SubEditors/TutorialAssets/Character/TutorialTPP_Skeleton.uasset" 318
"../../../Engine/Content/Tutorial/SubEditors/TutorialAssets/Character/Tutorial_Idle.uasset" 319
"../../../Engine/Content/Tutorial/SubEditors/TutorialAssets/Character/Tutorial_Walk_Fwd.uasset" 320
"../../../Engine/Content/Tutorial/SubEditors/TutorialAssets/Character/NewBlendSpace1D.uasset" 321
"../../../Engine/Content/Tutorial/SubEditors/TutorialAssets/Character/TutorialCharacter.uasset" 322
"../../../Engine/Content/Tutorial/SubEditors/TutorialAssets/Character/TutorialTPP_AnimBlueprint.uasset" 323
"../../../Engine/Content/Tutorial/SubEditors/PersonaAnimBlueprintEditorWalkthrough.uasset" 324
"../../../Engine/Content/Tutorial/SubEditors/PersonaAnimEditorWalkthrough.uasset" 325
"../../../Engine/Content/Tutorial/SubEditors/PersonaAnimEditorTutorial.uasset" 326
"../../../Engine/Content/EngineMeshes/Cube.uasset" 327
"../../../Engine/Content/Tutorial/SubEditors/StaticMeshEditorTutorial.uasset" 328
"../../../Engine/Content/Tutorial/SubEditors/TutorialAssets/icon_Editor_Preferences_General_40x.uasset" 329
"../../../Game_Jam/Content/Audio/OtherFX/FX_-_Power_Up_Steam_Noise_02.uasset" 330
"../../../Game_Jam/Content/Audio/Crouching.uasset" 331
"../../../Game_Jam/Content/Audio/Ambience/Ambience_-_Ticking_Clock_Loop_01.uasset" 332
"../../../Game_Jam/Content/Audio/Grinder/FX_-_Grinder_01.uasset" 333
"../../../Game_Jam/Content/Audio/OtherFX/FX_-_Bicycle_Bell_01.uasset" 334
"../../../Game_Jam/Content/Audio/OtherFX/FX_-_Chain_Rattle_01.uasset" 335
"../../../Game_Jam/Content/Audio/OtherFX/FX_-_Chain_Rattle_02.uasset" 336
"../../../Game_Jam/Content/Audio/OtherFX/FX_-_Close_Door_01.uasset" 337
"../../../Game_Jam/Content/Audio/OtherFX/FX_-_Close_Door_02.uasset" 338
"../../../Game_Jam/Content/Audio/OtherFX/FX_-_Industrial_Whistle_01.uasset" 339
"../../../Game_Jam/Content/Audio/OtherFX/FX_-_Long_Screeching_01.uasset" 340
"../../../Game_Jam/Content/Audio/OtherFX/FX_-_Magnet__+_.uasset" 341
"../../../Game_Jam/Content/Audio/OtherFX/FX_-_Magnet__-_.uasset" 342
"../../../Game_Jam/Content/Audio/OtherFX/FX_-_Metal_Hatch_01.uasset" 343
"../../../Game_Jam/Content/Audio/OtherFX/FX_-_Power_Up_Beep_Noise_01.uasset" 344
"../../../Game_Jam/Content/Audio/OtherFX/FX_-_Power_Up_Clanking_Noise_01.uasset" 345
"../../../Game_Jam/Content/Audio/OtherFX/FX_-_Power_Up_Clanking_Noise_02.uasset" 346
"../../../Game_Jam/Content/Audio/OtherFX/FX_-_Power_Up_Magnet_Noise_01.uasset" 347
"../../../Game_Jam/Content/Audio/OtherFX/FX_-_Power_Up_Magnet_Noise_02.uasset" 348
"../../../Game_Jam/Content/Audio/OtherFX/FX_-_Power_Up_Steam_Noise_03.uasset" 349
"../../../Game_Jam/Content/Audio/OtherFX/FX_-_Power_Up_Transform_Noise_01.uasset" 350
"../../../Game_Jam/Content/Audio/RoboTalk/FX_RoboTalk_-_Robomoonwalking_01.uasset" 351
"../../../Game_Jam/Content/Audio/RoboTalk/FX_RoboTalk_-_Robopunchintheface_01.uasset" 352
"../../../Game_Jam/Content/Audio/RoboTalk/FX_RoboTalk_-_Roborunning_01.uasset" 353
"../../../Game_Jam/Content/Audio/RoboTalk/FX_RoboTalk_-_Robowalking_01.uasset" 354
"../../../Game_Jam/Content/Audio/RoboTalk/FX_RoboTalk_01_1_-_RoboWalking_D2_A2.uasset" 355
"../../../Game_Jam/Content/Audio/RoboTalk/FX_RoboTalk_01_1_-_RoboWalking_D2_A2_D3.uasset" 356
"../../../Game_Jam/Content/Audio/RoboTalk/FX_RoboTalk_11_4_-_RoboTorturesHumansOnTheWall_D2.uasset" 357
"../../../Game_Jam/Content/Audio/RoboTalk/FX_RoboTalk_07_1_-_RoboMechanize_D2.uasset" 358
"../../../Game_Jam/Content/Audio/RoboTalk/FX_RoboTalk_07_2_-_RoboSpecialize_D2.uasset" 359
"../../../Game_Jam/Content/Audio/RoboTalk/FX_RoboTalk_07_2_-_RoboColdAsIce_D2.uasset" 360
"../../../Game_Jam/Content/Audio/RoboTalk/RoboAddParts.uasset" 361
"../../../Game_Jam/Content/Audio/RoboTalk/FX_RoboTalk_04_1_-_RoboJump_D2.uasset" 362
"../../../Game_Jam/Content/Audio/RoboTalk/FX_RoboTalk_04_2_-_RoboFlying_D2.uasset" 363
"../../../Game_Jam/Content/Audio/RoboTalk/FX_RoboTalk_04_3_-_RoboSwimming_D2.uasset" 364
"../../../Game_Jam/Content/Audio/RoboTalk/RoboJump.uasset" 365
"../../../Game_Jam/Content/Audio/RoboTalk/FX_RoboTalk_05_1_-_RoboPunch_D2.uasset" 366
"../../../Game_Jam/Content/Audio/RoboTalk/FX_RoboTalk_05_2_-_RoboPunchInDaFace_D2.uasset" 367
"../../../Game_Jam/Content/Audio/RoboTalk/RoboPunch.uasset" 368
"../../../Game_Jam/Content/Audio/RoboTalk/RoboShiftAnger.uasset" 369
"../../../Game_Jam/Content/Geometry/Meshes/1M_Cube_Chamfer.uasset" 370
"../../../Game_Jam/Content/Mannequin/Character/Mesh/Ragdoll_Physics.uasset" 371
"../../../Game_Jam/Content/Mannequin/Character/Mesh/Ragdoll.uasset" 372
"../../../Game_Jam/Content/Hazards/Ragdoll_bp.uasset" 373
"../../../Game_Jam/Content/Mannequin/Animations/ThirdPerson_IdleRun_2D_Copy.uasset" 374
"../../../Engine/Content/Functions/MaterialLayerFunctions/MatLayerBlend_NormalBlend.uasset" 375
"../../../Engine/Content/Functions/MaterialLayerFunctions/MatLayerBlend_Simple.uasset" 376
"../../../Game_Jam/Content/Mannequin/Character/Materials/M_UE4Man_Body.uasset" 377
"../../../Game_Jam/Content/Mannequin/Character/Materials/M_UE4Man_ChestLogo.uasset" 378
"../../../Game_Jam/Content/OtherAssets/BP_Magnet.uasset" 379
"../../../Game_Jam/Content/OtherAssets2/BP_Magnet.uasset" 380
"../../../Game_Jam/Content/OtherAssets2/BP_Rail.uasset" 381
"../../../Game_Jam/Content/SideScrollerCPP/SideScrollerOverview.uasset" 382
"../../../Game_Jam/Content/SideScrollerCPP/Blueprints/Light.uasset" 383
